#!../../bin/linux-x86_64/D1-I2
#+======================================================================
# $HeadURL: https://svnpub.codac.iter.org/codac/iter/codac/dev/units/m-epics-iter-templates/branches/codac-core-6.3/templates/genericBoot/ioc/st.cmd $
# $Id: st.cmd 116150 2021-01-04 09:45:04Z kimh19 $
#
# Project       : CODAC Core System
#
# Description   : ITER ioc template EPICS start up file
#
# Author(s)     : This file was generated by CODAC development toolkit
#
# Copyright (c) : 2010-2021 ITER Organization,
#                 CS 90 046
#                 13067 St. Paul-lez-Durance Cedex
#                 France
#
# This file is part of ITER CODAC software.
# For the terms and conditions of redistribution or use of this software
# refer to the file ITER-LICENSE.TXT located in the top level directory
# of the distribution package.
#
< envPaths
epicsEnvSet("IOC","iocD1-I2-PCF0CORE")
epicsEnvSet("TOP","/home/codac-dev/test_HMI-project/b-52-DAQ-DAN-V3/target/main/epics")
epicsEnvSet("EPICS_BASE","/opt/codac-6.3/epics")
< envSystem
############################################################################
## CODAC specific environment variables
############################################################################
epicsEnvSet("AUTOSAVE_SYSM_PV_PREFIX","D1-I2-SYSM:F0CORE-")
epicsEnvSet("IOCSH_PS1","iocD1-I2-PCF0CORE> ")
epicsEnvSet("STREAM_PROTOCOL_PATH","/home/codac-dev/test_HMI-project/b-52-DAQ-DAN-V3/target/main/epics/db:/opt/codac-6.3/epics/db")
< envUser
############################################################################
## User provided environment variables
############################################################################
#epicsEnvSet("EPICS_CA_SERVER_PORT", "5064")
#epicsEnvSet("EPICS_CA_ADDR_LIST", "")
#epicsEnvSet("EPICS_CA_AUTO_ADDR_LIST", "YES")
epicsEnvSet("EPICS_DB_INCLUDE_PATH",".:/home/codac-dev/test_HMI-project/b-52-DAQ-DAN-V3/target/main/epics/../db:/opt/codac-6.3/epics/db")
cd "/home/codac-dev/test_HMI-project/b-52-DAQ-DAN-V3/target/main/epics"
############################################################################
## Register all support components
############################################################################
dbLoadDatabase "dbd/D1-I2.dbd"
D1_I2_registerRecordDeviceDriver pdbbase
< "/home/codac-dev/test_HMI-project/b-52-DAQ-DAN-V3/target/main/epics/iocBoot/iocD1-I2-PCF0CORE/sddPreDriverConf.cmd"
#======================================================================
# PLC(s) driver configuration commands
#======================================================================
# level=-1:  no output
# level=0:   errors only
# level=1:   startup messages
# level=2: + output record processing
# level=3: + input record processing
# level=4: + driver calls
# level=5: + io printout
# be careful using level>1 since many messages may introduce delays
# var s7plcDebug 2
# s7plcConfigure name,IPaddr,port,inSize,outSize,bigEndian,recvTimeout,sendIntervall, configversion
# connects to PLC <name> on address <IPaddr> port <port>
# <inSize>        : size of data block PLC -> IOC [bytes]
# <outSize>       : size of data block IOC -> PLC [bytes]
# <bigEndian>=1   : motorola format data (MSB first)
# <bigEndian>=0   : intel format data (LSB first)
# <recvInterval>  : receive buffer interval [ms] (Default : 50ms)
# <sendIntervall> : time to wait before sending new data to PLC [ms]
# <configversion> : database configuration version
# s7plcConfigureCmd name,IPaddr,port,outSize,bigEndian,sendIntervall
# connects to PLC <name> on address <IPaddr> port <port>
# <outSize>       : size of data block IOC -> PLC [bytes]
# <bigEndian>=1   : motorola format data (MSB first)
# <bigEndian>=0   : intel format data (LSB first)
# <sendIntervall> : time to wait before sending new data to PLC [ms]
#============================================================================
# s7plc asyn driver configuration commands
#============================================================================
#============================================================================
# NI-6259 DAQ I/O Module driver configuration commands
#============================================================================
# Reference: ITER_D_3DEY52 v1.3 - NI PXI-6259 EPICS Driver User’s Guide
# For analogue input, analogue output, waveform, initialize using below function
# pxi6259_ai_init(uint8 cardnumber, uint32 range, uint32 clk_source, uint32 clk_edge);
# Example: pxi6259_ai_init(0, 1, 0, 0)
# For binary input, binary output, multi-bit binary input, multi bit binary output, initialize using below function
# pxi6259init(uint8 cardnumber, uint32 portmask0, uint8 portmask1, uint8 portmask2);
# Example: pxi6259_bio_init(0, 0xFF000000, 0xFF, 0xFF)
#============================================================================
# NI-6682 Timing and Synchronization I/O Module driver configuration commands
#============================================================================
# Reference ITER_D_33Q5TX v1.7 - NI Sync EPICS Driver User’s Guide 
# nisyncDrvInit(string port, char* type, int cardNumber);
# Example: nisyncDrvInit("S0", "PXI-6682", "0");
# Example: nisyncDrvInit("S0", "PXI-6683H", "0");
# nisyncTimeInit(int cardID, char* type, int cardNumber);
# Example: nisyncTimeInit("0", "PXI-6682", "0")
# Example: nisyncTimeInit("0", "PXI-6683H", "0")
#============================================================================================
# NI-6368 X Series - Multifunction Data Acquisition I/O Module driver configuration commands
#============================================================================================
# Reference ITER_D_3P4N3R v1.2 - NI X Series EPICS Driver User’s Guide 
# nixseriesInit(char *portName, char *nix6368Card);
# Example: nixseriesInit("ni6368_0", "/dev/ni6368.0");
#============================================================================================
# PXIe-6363 X Series - PXI Multifunction I/O Module driver configuration commands
#============================================================================================
# Reference ITER_D_3LTMR6 v2.0 - NI X-Series Linux Device Driver User's Guide 
# nixseriesInit(char *portName, char *nix6363Card);
# Example: nixseriesInit("ni6363_0", "/dev/ni6363.0");
#============================================================================
# NI-6528 DAQ I/O Module driver configuration commands
#============================================================================
# Reference ITER_D_433VEW - NI PXI-6528 EPICS Driver User's Manual
# ni6528_init(char *portName, char *ni6528Card); 
# Example: pxi6528_init("ni6528_0", "/dev/ni6528.0")
# asynSetTraceMask("<port name>",0,255)
# Example: asynSetTraceMask("pxi6528_0",0,255)
# pxi6528_reset(char *portName)
# Example: pxi6528_reset("pxi6528_0")
< "/home/codac-dev/test_HMI-project/b-52-DAQ-DAN-V3/target/main/epics/iocBoot/iocD1-I2-PCF0CORE/userPreDriverConf.cmd"
############################################################################
## User provided PLC or fast controller driver pre configuration
############################################################################
# Enable parallel callback threads to improve 'I/O Intr' record scanning
#    see https://bugzilla.iter.org/codac/show_bug.cgi?id=10413
ndsLoadDriver /home/codac-dev/test_HMI-project/b-52-DAQ-DAN-V3/src/main/c++/nds3/target/lib/libNdsDaq.so
ndsCreateDevice(Device,B-0,"INIT=YES")
callbackParallelThreads
ndsLoadDriver /home/codac-dev/test_HMI-project/b-52-DAQ-DAN-V3/src/main/c++/nds3-dan/target/lib/libnds-dan-device-Copy.so
ndsCreateDevice(DeviceNDSDANCopy,DAN-0, "INIT=YES")
nds subscribe DAN-0-buffer B-0-DataAcquisitionNode-Data
< "/home/codac-dev/test_HMI-project/b-52-DAQ-DAN-V3/target/main/epics/iocBoot/iocD1-I2-PCF0CORE/threadSchedulingConf.cmd"
############################################################################
## Thread scheduling configuration for real-time tuning
############################################################################
< "/home/codac-dev/test_HMI-project/b-52-DAQ-DAN-V3/target/main/epics/iocBoot/iocD1-I2-PCF0CORE/dbToLoad.cmd"
#======================================================================
# Loading DBs
#======================================================================
cd /home/codac-dev/test_HMI-project/b-52-DAQ-DAN-V3/target/main/epics/db
dbLoadRecords("PCF0-D1-I2.db")
< "/home/codac-dev/test_HMI-project/b-52-DAQ-DAN-V3/target/main/epics/iocBoot/iocD1-I2-PCF0CORE/iocD1-I2-PCF0CORE-preSaveRestore.cmd"
############################################################################
## Save and restore
############################################################################
### save_restore setup
# status-PV prefix
save_restoreSet_status_prefix("D1-I2-SYSM:F0CORE-")
# Use status-PV 
save_restoreSet_UseStatusPVs(1)
# Debug-output level
save_restoreSet_Debug(0)
# Ok to save/restore save sets with missing values (no CA connection to PV)?
save_restoreSet_IncompleteSetsOk(1)
# Save dated backup files?
save_restoreSet_DatedBackupFiles(1)
# Number of sequenced backup files to write
save_restoreSet_NumSeqFiles(3)
# Time interval between sequenced backups
save_restoreSet_SeqPeriodInSeconds(300)
# specify where save files should be
set_savefile_path("/home/codac-dev/test_HMI-project/b-52-DAQ-DAN-V3/var/autosave/")
# specify what save files should be restored.  Note these files must be
# in the directory specified in set_savefile_path(), or, if that function
# has not been called, from the directory current when iocInit is invoked
# Save files associated with the request files 'auto-output.req' and
# 'auto-input.req'.  These files are the standard way to use autosave 
 
set_pass1_restoreFile("iocD1-I2-PCF0CORE.sav")
# specify directories in which to to search for included request files
set_requestfile_path("./")
dbLoadRecords("/opt/codac-6.3/epics/db/save_restoreStatus.db", "P=D1-I2-SYSM:F0CORE-")
############################################################################
## IOC Logging
############################################################################
iocLogInit
iocLogPrefix "10614.ioc@D1-I2-PCF0CORE : "
############################################################################
## IOC initialization
############################################################################
cd "/home/codac-dev/test_HMI-project/b-52-DAQ-DAN-V3/target/main/epics/db"
iocInit
Starting iocInit
log client: connected to log server at '127.0.0.1:6500'
############################################################################
## EPICS R7.0.4.1
## Rev. 2021-09-20T16:21+0000
############################################################################
D1-I2:streamstate devAsynInt32::initCommon drvUserCreate 
D1-I2:streamrequeststate devAsynInt32::initCommon drvUserCreate 
D1-I2:streamnumsamples devAsynInt32::initCommon drvUserCreate 
Error (514,514) PV: D1-I2:streamnumsamples ao: init_record

D1-I2:streammeta devAsynInt32::initCommon drvUserCreate 
D1-I2:streamsamplestransferred devAsynInt32::initCommon drvUserCreate 
reboot_restore: entry for file 'iocD1-I2-PCF0CORE.sav'
reboot_restore: Found filename 'iocD1-I2-PCF0CORE.sav' in restoreFileList.
*** restoring from '/home/codac-dev/test_HMI-project/b-52-DAQ-DAN-V3/var/autosave/iocD1-I2-PCF0CORE.sav' at initHookState 7 (after record/device init) ***
reboot_restore: done with file 'iocD1-I2-PCF0CORE.sav'

iocRun: All initialization complete
< "/home/codac-dev/test_HMI-project/b-52-DAQ-DAN-V3/target/main/epics/iocBoot/iocD1-I2-PCF0CORE/iocD1-I2-PCF0CORE-postSaveRestore.cmd"
############################################################################
## Autosave monitor post setup
############################################################################
cd "/home/codac-dev/test_HMI-project/b-52-DAQ-DAN-V3/target/main/epics/iocBoot/iocD1-I2-PCF0CORE"
create_monitor_set("iocD1-I2-PCF0CORE.req",30,"P=D1-I2-SYSM:F0CORE-")
< "/home/codac-dev/test_HMI-project/b-52-DAQ-DAN-V3/target/main/epics/iocBoot/iocD1-I2-PCF0CORE/sddSeqToLoad.cmd"
############################################################################
## SDD provided sequence programs to load
############################################################################
< "/home/codac-dev/test_HMI-project/b-52-DAQ-DAN-V3/target/main/epics/iocBoot/iocD1-I2-PCF0CORE/seqToLoad.cmd"
############################################################################
## Sequence programs to load
############################################################################
## Start any sequence programs
#seq sncxxx,"user=codac-devHost"
< "/home/codac-dev/test_HMI-project/b-52-DAQ-DAN-V3/target/main/epics/iocBoot/iocD1-I2-PCF0CORE/sddPostDriverConf.cmd"
iocD1-I2-PCF0CORE.sav: 4 of 4 PV's connected
############################################################################
## SDD provided PLC or fast controller driver post configuration
############################################################################
< "/home/codac-dev/test_HMI-project/b-52-DAQ-DAN-V3/target/main/epics/iocBoot/iocD1-I2-PCF0CORE/userPostDriverConf.cmd"
############################################################################
## User provided PLC or fast controller driver post configuration
############################################################################
dbl > "/home/codac-dev/test_HMI-project/b-52-DAQ-DAN-V3/var/iocdump//D1-I2-PCF0CORE-2022-07-20T08:25:36.dbl"
dbla > "/home/codac-dev/test_HMI-project/b-52-DAQ-DAN-V3/var/iocdump//D1-I2-PCF0CORE-2022-07-20T08:25:36.dbla"
dbior > "/home/codac-dev/test_HMI-project/b-52-DAQ-DAN-V3/var/iocdump//D1-I2-PCF0CORE-2022-07-20T08:25:36.dbior"
sevr=info WARNING:: (report): The driver does not implement a report function or did not register it.
sevr=info WARNING:: (report): The driver does not implement a report function or did not register it.
dbhcr > "/home/codac-dev/test_HMI-project/b-52-DAQ-DAN-V3/var/iocdump//D1-I2-PCF0CORE-2022-07-20T08:25:36.dbhcr"
iocD1-I2-PCF0CORE> д[Kвид
Command вид not found.
iocD1-I2-PCF0CORE> dbl
D1-I2-SYSM:F0CORE-SR_recentlyStr
D1-I2-SYSM:F0CORE-SR_rebootStatusStr
D1-I2-SYSM:F0CORE-SR_rebootTime
D1-I2-SYSM:F0CORE-SR_statusStr
D1-I2-SYSM:F0CORE-SR_0_Name
D1-I2-SYSM:F0CORE-SR_0_StatusStr
D1-I2-SYSM:F0CORE-SR_0_Time
D1-I2-SYSM:F0CORE-SR_1_Name
D1-I2-SYSM:F0CORE-SR_1_StatusStr
D1-I2-SYSM:F0CORE-SR_1_Time
D1-I2-SYSM:F0CORE-SR_2_Name
D1-I2-SYSM:F0CORE-SR_2_StatusStr
D1-I2-SYSM:F0CORE-SR_2_Time
D1-I2-SYSM:F0CORE-SR_3_Name
D1-I2-SYSM:F0CORE-SR_3_StatusStr
D1-I2-SYSM:F0CORE-SR_3_Time
D1-I2-SYSM:F0CORE-SR_4_Name
D1-I2-SYSM:F0CORE-SR_4_StatusStr
D1-I2-SYSM:F0CORE-SR_4_Time
D1-I2-SYSM:F0CORE-SR_5_Name
D1-I2-SYSM:F0CORE-SR_5_StatusStr
D1-I2-SYSM:F0CORE-SR_5_Time
D1-I2-SYSM:F0CORE-SR_6_Name
D1-I2-SYSM:F0CORE-SR_6_StatusStr
D1-I2-SYSM:F0CORE-SR_6_Time
D1-I2-SYSM:F0CORE-SR_7_Name
D1-I2-SYSM:F0CORE-SR_7_StatusStr
D1-I2-SYSM:F0CORE-SR_7_Time
D1-I2:ThresholdValid
D1-I2:start
D1-I2:reseter
D1-I2:configurefifo
D1-I2:WFGNode-Impedance
D1-I2:WFGNode-Coupling
D1-I2:WFGNode-SignalRefType
D1-I2:WFGNode-Ground
D1-I2-HWCF:DataAcquisition-Coupling
D1-I2-HWCF:DataAcquisition-SignalRefType
D1-I2-HWCF:DataAcquisition-Ground
D1-I2-SYSM:F0CORE-SR_heartbeat
D1-I2-SYSM:F0CORE-SR_i_am_alive
D1-I2-SYSM:F0CORE-SR_deadIfZero
D1-I2-SYSM:F0CORE-SR_disable
D1-I2:streamstate
D1-I2:measurement_streamstate
D1-I2:WFGNode-SignalTypeRBV
HWCF:B-0-WFGNode-StateMachine-getState
HWCF:B-0-WFGNode-StateMachine-getGlobalState
DAN-getGlobalState
DAN-0-DANCP-getState
D1-I2-HWCF:DataAcquisition-getGlobalState
D1-I2-HWCF:DataAcquisition-getState
DAN-Status
DAN-StatusStream
D1-I2:downloader
D1-I2:streamrequeststate
D1-I2:measurement_streamrequeststate
D1-I2:WFGNode-SignalType
HWCF:B-0-WFGNode-StateMachine-setState
DAN-0-DANCPsetState
D1-I2-HWCF:DataAcquisition-setState
D1-I2-SYSM:F0CORE-SR_rebootStatus
D1-I2-SYSM:F0CORE-SR_status
D1-I2-SYSM:F0CORE-SR_0_Status
D1-I2-SYSM:F0CORE-SR_1_Status
D1-I2-SYSM:F0CORE-SR_2_Status
D1-I2-SYSM:F0CORE-SR_3_Status
D1-I2-SYSM:F0CORE-SR_4_Status
D1-I2-SYSM:F0CORE-SR_5_Status
D1-I2-SYSM:F0CORE-SR_6_Status
D1-I2-SYSM:F0CORE-SR_7_Status
D1-I2:Threshold
D1-I2:ChannelSelect
D1-I2:maxticksperpulse
D1-I2:minticksperpulse
D1-I2:streamnumsamples
D1-I2:measurement_streamnumsamples
D1-I2:WFGNode-Amplitude
D1-I2:WFGNode-Decimation
D1-I2:WFGNode-Frequency
D1-I2:WFGNode-RefFrequency
D1-I2:WFGNode-Phase
D1-I2:WFGNode-UpdateRate
D1-I2:WFGNode-DutyCycle
D1-I2:WFGNode-Gain
D1-I2:WFGNode-Offset
D1-I2:WFGNode-BandWidth
D1-I2:WFGNode-Resolution
D1-I2-HWCF:DataAcquisition-Decimation
D1-I2-HWCF:DataAcquisition-DecimationType
D1-I2-HWCF:DataAcquisition-Gain
D1-I2-HWCF:DataAcquisition-Offset
D1-I2-HWCF:DataAcquisition-BandWidth
D1-I2-HWCF:DataAcquisition-Resolution
D1-I2-HWCF:DataAcquisition-Impedance
D1-I2-HWCF:DataAcquisition-DMAEnable
D1-I2-HWCF:DataAcquisition-SamplingRate
step
D1-I2:WFGNode-Data
D1-I2:WFGNode-DataAWG
buffer
D1-I2-HWCF:DataAcquisition-Data
DAN-ICProgramName
DAN-ICProgramName_RBV
DAN-PathXML
DAN-PathXML_RBV
DAN-SourceName
DAN-SourceName_RBV
PulsePeaksFIFO
edges
DAN-BlockNumberOfSamples_RBV
DAN-BufferSize_RBV
DAN-NumberOfChannels
DAN-SampleSize_RBV
DAN-SamplingRate_RBV
D1-I2:WFGNode-Impedance_RBV
D1-I2:WFGNode-Coupling_RBV
D1-I2:WFGNode-SignalRefType_RBV
D1-I2:WFGNode-Ground_RBV
D1-I2-HWCF:DataAcquisition-Coupling_RBV
D1-I2-HWCF:DataAcquisition-SignalRefType_RBV
D1-I2-HWCF:DataAcquisition-Ground_RBV
D1-I2:RejectionRate
DAN-BlockNumberOfSamples
DAN-BufferSize
DAN-SampleSize
DAN-SamplingRate
D1-I2-SYSM:F0CORE-SR_0_State
D1-I2-SYSM:F0CORE-SR_1_State
D1-I2-SYSM:F0CORE-SR_2_State
D1-I2-SYSM:F0CORE-SR_3_State
D1-I2-SYSM:F0CORE-SR_4_State
D1-I2-SYSM:F0CORE-SR_5_State
D1-I2-SYSM:F0CORE-SR_6_State
D1-I2-SYSM:F0CORE-SR_7_State
D1-I2-SYSM:F0CORE-SR_disableMaxSecs
Status
D1-I2:Clock100PLLUnlocked
D1-I2:EEPROMPowerEnabled
D1-I2:IOModuleIOEnabled
D1-I2:IOModuleInitializationDone
D1-I2:IOModulePowerEnabled
D1-I2:IOModulePowerGood
D1-I2:IOModulePresent
D1-I2:DeviceTemperature
D1-I2:Device12VPower
D1-I2:Device33VPower
D1-I2:ExpectedIOModuleID
D1-I2:InsertedIOModuleID
D1-I2:SinglePulsesCountRate
D1-I2:SinglePulsesRegistered
D1-I2:TotalCountRate
D1-I2:TotalPulsesRegistered
D1-I2:streammeta
D1-I2:measurement_streammeta
D1-I2:streamsamplestransferred
D1-I2:measurement_streamsamplestransferred
FIFO_depth
DataBufferSize
NumberOfElements
D1-I2:WFGNode-Amplitude_RBV
D1-I2:WFGNode-Frequency_RBV
D1-I2:WFGNode-NumberOfPushedDataBlocks
D1-I2:WFGNode-RefFrequency_RBV
D1-I2:WFGNode-Phase_RBV
D1-I2:WFGNode-UpdateRate_RBV
D1-I2:WFGNode-DutyCycle_RBV
D1-I2:WFGNode-Gain_RBV
D1-I2:WFGNode-Offset_RBV
D1-I2:WFGNode-Bandwidth_RBV
D1-I2:WFGNode-Resolution_RBV
D1-I2-HWCF:DataAcquisition-Gain_RBV
D1-I2-HWCF:DataAcquisition-Offset_RBV
D1-I2-HWCF:DataAcquisition-BandWidth_RBV
D1-I2-HWCF:DataAcquisition-Resolution_RBV
D1-I2-HWCF:DataAcquisition-Impedance_RBV
D1-I2-HWCF:DataAcquisition-NoB
D1-I2-HWCF:DataAcquisition-DMABufferSize
D1-I2-HWCF:DataAcquisition-DMAEnable_RBV
D1-I2-HWCF:DataAcquisition-DMANumChannels
D1-I2-HWCF:DataAcquisition-DMAFrameType
D1-I2-HWCF:DataAcquisition-DMASampleSize
D1-I2-HWCF:DataAcquisition-SamplingRate_RBV
maximum_amplitude
iocD1-I2-PCF0CORE> sevr=info Switching state from OFF to ON
sevr=info DAN-0-DANCP: Switching on... Start
sevr=info 
sevr=info Loading DAN configuration file from '/home/codac-dev/test_HMI-project/b-52-DAQ-DAN-V3/src/main/c++/nds3-dan/DeviceDANCopy/danConfig.xml '...
sevr=info 
	Gain = 0
	Bandwidth = 0
	Resolution = 0
	Coupling = 0
	SignalRefType = 0
	Ground = 0
	Offset = 0
	Impedance = 0
	SamplingRate = 0
sevr=info DAN library successfully initialised.
sevr=info 
Size of _dan Buffer through 8*size 16000000
sevr=major bufferSize = m_DANCP.getBufferSize() 16000000
sevr=info DAN node has been successfully switched on.
sevr=info 
sevr=info DAN source FlexRIO is ready to publish
sevr=info 
sevr=info DAN publisher initialised with 1 channels
sevr=info 
sevr=info DAN-0-DANCP: Switching on... End [diff=12s]
sevr=info 
sevr=info State switching successful
sevr=info Switching state from ON to RUNNING
sevr=info DAN-0-DANCP: Opening streamer... Start
sevr=info 
sevr=info DAN-0-DANCP: Opening streamer... End [diff=0s]
sevr=info 
sevr=info State switching successful
sevr=info Switching state from RUNNING to ON
sevr=info DAN-0-DANCP: Stopping streamer... Start
sevr=info 
sevr=info DAN-0-DANCP: Stopping streamer... End [diff=0s]
sevr=info 
sevr=info State switching successful
exit
profiling:/home/codac-dev/m-nds-dan/trunk/src/main/c++/nds-dan/.obj/DANDAImpl.gcda:Cannot open
profiling:/home/codac-dev/m-nds-dan/trunk/src/main/c++/nds-dan/.obj/DANDA.gcda:Cannot open
profiling:/home/codac-dev/m-nds-dan/trunk/src/main/c++/nds-dan/.obj/DANImpl.gcda:Cannot open
profiling:/home/codac-dev/m-nds-dan/trunk/src/main/c++/nds-dan/.obj/DAN.gcda:Cannot open
profiling:/home/codac-dev/m-nds-dan/trunk/src/main/c++/nds-dan/.obj/DANCPImpl.gcda:Cannot open
profiling:/home/codac-dev/m-nds-dan/trunk/src/main/c++/nds-dan/.obj/DANCP.gcda:Cannot open
